#
# There is insufficient memory for the Java Runtime Environment to continue.
# Native memory allocation (mmap) failed to map 100663296 bytes for G1 virtual space
# Possible reasons:
#   The system is out of physical RAM or swap space
#   The process is running with CompressedOops enabled, and the Java Heap may be blocking the growth of the native heap
# Possible solutions:
#   Reduce memory load on the system
#   Increase physical memory or swap space
#   Check if swap backing store is full
#   Decrease Java heap size (-Xmx/-Xms)
#   Decrease number of Java threads
#   Decrease Java thread stack sizes (-Xss)
#   Set larger code cache with -XX:ReservedCodeCacheSize=
#   JVM is running with Unscaled Compressed Oops mode in which the Java heap is
#     placed in the first 4GB address space. The Java Heap base address is the
#     maximum limit for the native heap growth. Please use -XX:HeapBaseMinAddress
#     to set the Java Heap base and to place the Java Heap above 4GB virtual address.
# This output file may be truncated or incomplete.
#
#  Out of Memory Error (./open/src/hotspot/os/windows/os_windows.cpp:3321), pid=20304, tid=6848
#
# JRE version:  (15.0.2+7) (build )
# Java VM: Java HotSpot(TM) 64-Bit Server VM (15.0.2+7-27, mixed mode, sharing, tiered, compressed oops, g1 gc, windows-amd64)
# No core dump will be written. Minidumps are not enabled by default on client versions of Windows
#

---------------  S U M M A R Y ------------

Command Line: -Dfile.encoding=Cp1252 -XX:+ShowCodeDetailsInExceptionMessages main.Main

Host: AMD Ryzen 5 3500U with Radeon Vega Mobile Gfx  , 8 cores, 5G,  Windows 10 , 64 bit Build 19041 (10.0.19041.928)
Time: Fri Jun  4 17:52:21 2021 GMT Daylight Time elapsed time: 0.022307 seconds (0d 0h 0m 0s)

---------------  T H R E A D  ---------------

Current thread (0x0000014fb18d5b60):  JavaThread "Unknown thread" [_thread_in_vm, id=6848, stack(0x0000000150900000,0x0000000150a00000)]

Stack: [0x0000000150900000,0x0000000150a00000]
Native frames: (J=compiled Java code, j=interpreted, Vv=VM code, C=native code)
V  [jvm.dll+0x62ae9a]
V  [jvm.dll+0x7817a9]
V  [jvm.dll+0x782f03]
V  [jvm.dll+0x783563]
V  [jvm.dll+0x216325]
V  [jvm.dll+0x6281d9]
V  [jvm.dll+0x61cf55]
V  [jvm.dll+0x2cffdd]
V  [jvm.dll+0x2cfe42]
V  [jvm.dll+0x2d5e1c]
V  [jvm.dll+0x32590a]
V  [jvm.dll+0x324fd4]
V  [jvm.dll+0x2a6f5a]
V  [jvm.dll+0x2a80f8]
V  [jvm.dll+0x75e241]
V  [jvm.dll+0x3341c4]
V  [jvm.dll+0x73e926]
V  [jvm.dll+0x3b7557]
V  [jvm.dll+0x3b8fe1]
C  [jli.dll+0x52fb]
C  [ucrtbase.dll+0x21bb2]
C  [KERNEL32.DLL+0x17034]
C  [ntdll.dll+0x52651]


---------------  P R O C E S S  ---------------

Threads class SMR info:
_java_thread_list=0x00007ffa3b724ff0, length=0, elements={
}

Java Threads: ( => current thread )

Other Threads:
  0x0000014fb190efd0 GCTaskThread "GC Thread#0" [stack: 0x0000000150a00000,0x0000000150b00000] [id=8144]
  0x0000014fb191c690 ConcurrentGCThread "G1 Main Marker" [stack: 0x0000000150b00000,0x0000000150c00000] [id=17824]
  0x0000014fb191e190 ConcurrentGCThread "G1 Conc#0" [stack: 0x0000000150c00000,0x0000000150d00000] [id=4268]

[error occurred during error reporting (printing all threads), id 0xc0000005, EXCEPTION_ACCESS_VIOLATION (0xc0000005) at pc=0x00007ffa3af17e27]

VM state: not at safepoint (not fully initialized)

VM Mutex/Monitor currently owned by a thread:  ([mutex/lock_event])
[0x0000014fb18d2710] Heap_lock - owner thread: 0x0000014fb18d5b60

Heap address: 0x00000000a1c00000, size: 1508 MB, Compressed Oops mode: 32-bit
CDS archive(s) mapped at: [0x0000000000000000-0x0000000000000000-0x0000000000000000), size 0, SharedBaseAddress: 0x0000000800000000, ArchiveRelocationMode: 0.
Narrow klass base: 0x0000000000000000, Narrow klass shift: 0, Narrow klass range: 0x0

Heap:
 garbage-first heap   total 98304K, used 0K [0x00000000a1c00000, 0x0000000100000000)
  region size 1024K, 0 young (0K), 0 survivors (0K)
 Metaspace       used 0K, capacity 0K, committed 0K, reserved 0K
  class space    used 0K, capacity 0K, committed 0K, reserved 0K

Heap Regions: E=young(eden), S=young(survivor), O=old, HS=humongous(starts), HC=humongous(continues), CS=collection set, F=free, OA=open archive, CA=closed archive, TAMS=top-at-mark-start (previous, next)

Card table byte_map: [0x0000014fc9140000,0x0000014fc9440000] _byte_map_base: 0x0000014fc8c32000

Marking Bits (Prev, Next): (CMBitMap*) 0x0000014fb190f740, (CMBitMap*) 0x0000014fb190f780
 Prev Bits: [0x0000014fc9740000, 0x0000014fcaed0000)
 Next Bits: [0x0000014fcaed0000, 0x0000014fcc660000)

GC Heap History (0 events):
No events

Deoptimization events (0 events):
No events

Classes unloaded (0 events):
No events

Classes redefined (0 events):
No events

Internal exceptions (0 events):
No events

Events (1 events):
Event: 0.012 Loaded shared library C:\Program Files\Java\jdk-15.0.2\bin\java.dll


Dynamic libraries:
0x00007ff6a5850000 - 0x00007ff6a585f000 	C:\Program Files\Java\jdk-15.0.2\bin\javaw.exe
0x00007ffa7a710000 - 0x00007ffa7a905000 	C:\Windows\SYSTEM32\ntdll.dll
0x00007ffa67a90000 - 0x00007ffa67aa3000 	C:\Program Files\Avast Software\Avast\aswhook.dll
0x00007ffa7a0e0000 - 0x00007ffa7a19d000 	C:\Windows\System32\KERNEL32.DLL
0x00007ffa78000000 - 0x00007ffa782c8000 	C:\Windows\System32\KERNELBASE.dll
0x00007ffa78670000 - 0x00007ffa78770000 	C:\Windows\System32\ucrtbase.dll
0x00007ffa70850000 - 0x00007ffa70869000 	C:\Program Files\Java\jdk-15.0.2\bin\VCRUNTIME140.dll
0x00007ffa6b3a0000 - 0x00007ffa6b3b8000 	C:\Program Files\Java\jdk-15.0.2\bin\jli.dll
0x00007ffa7a2f0000 - 0x00007ffa7a39c000 	C:\Windows\System32\ADVAPI32.dll
0x00007ffa7a3b0000 - 0x00007ffa7a44e000 	C:\Windows\System32\msvcrt.dll
0x00007ffa7a480000 - 0x00007ffa7a51b000 	C:\Windows\System32\sechost.dll
0x00007ffa7a5a0000 - 0x00007ffa7a6cb000 	C:\Windows\System32\RPCRT4.dll
0x00007ffa78c40000 - 0x00007ffa78de0000 	C:\Windows\System32\USER32.dll
0x00007ffa784e0000 - 0x00007ffa78502000 	C:\Windows\System32\win32u.dll
0x00007ffa7a450000 - 0x00007ffa7a47a000 	C:\Windows\System32\GDI32.dll
0x00007ffa78560000 - 0x00007ffa7866b000 	C:\Windows\System32\gdi32full.dll
0x00007ffa5e6c0000 - 0x00007ffa5e95a000 	C:\Windows\WinSxS\amd64_microsoft.windows.common-controls_6595b64144ccf1df_6.0.19041.844_none_ca00b6081b84eb1d\COMCTL32.dll
0x00007ffa77e50000 - 0x00007ffa77eed000 	C:\Windows\System32\msvcp_win.dll
0x00007ffa70840000 - 0x00007ffa7084a000 	C:\Windows\SYSTEM32\VERSION.dll
0x00007ffa78df0000 - 0x00007ffa78e20000 	C:\Windows\System32\IMM32.DLL
0x00007ffa70db0000 - 0x00007ffa70dbc000 	C:\Program Files\Java\jdk-15.0.2\bin\vcruntime140_1.dll
0x00007ffa52720000 - 0x00007ffa527b1000 	C:\Program Files\Java\jdk-15.0.2\bin\msvcp140.dll
0x00007ffa3ac60000 - 0x00007ffa3b7be000 	C:\Program Files\Java\jdk-15.0.2\bin\server\jvm.dll
0x00007ffa7a3a0000 - 0x00007ffa7a3a8000 	C:\Windows\System32\PSAPI.DLL
0x00007ffa621a0000 - 0x00007ffa621a9000 	C:\Windows\SYSTEM32\WSOCK32.dll
0x00007ffa6d340000 - 0x00007ffa6d367000 	C:\Windows\SYSTEM32\WINMM.dll
0x00007ffa796f0000 - 0x00007ffa7975b000 	C:\Windows\System32\WS2_32.dll
0x00007ffa75da0000 - 0x00007ffa75db2000 	C:\Windows\SYSTEM32\kernel.appcore.dll
0x00007ffa6ef30000 - 0x00007ffa6ef3a000 	C:\Program Files\Java\jdk-15.0.2\bin\jimage.dll
0x00007ffa6f430000 - 0x00007ffa6f614000 	C:\Windows\SYSTEM32\DBGHELP.DLL
0x00007ffa6ab40000 - 0x00007ffa6ab6c000 	C:\Windows\SYSTEM32\dbgcore.DLL
0x00007ffa77f50000 - 0x00007ffa77fd0000 	C:\Windows\System32\bcryptPrimitives.dll
0x00007ffa5e380000 - 0x00007ffa5e3a5000 	C:\Program Files\Java\jdk-15.0.2\bin\java.dll

dbghelp: loaded successfully - version: 4.0.5 - missing functions: none
symbol engine: initialized successfully - sym options: 0x614 - pdb path: .;C:\Program Files\Java\jdk-15.0.2\bin;C:\Windows\SYSTEM32;C:\Program Files\Avast Software\Avast;C:\Windows\WinSxS\amd64_microsoft.windows.common-controls_6595b64144ccf1df_6.0.19041.844_none_ca00b6081b84eb1d;C:\Program Files\Java\jdk-15.0.2\bin\server

VM Arguments:
jvm_args: -Dfile.encoding=Cp1252 -XX:+ShowCodeDetailsInExceptionMessages 
java_command: main.Main
java_class_path (initial): C:\Users\Bat Spider\git\Boop-2\Boop Server\bin
Launcher Type: SUN_STANDARD

[Global flags]
     intx CICompilerCount                          = 4                                         {product} {ergonomic}
     uint ConcGCThreads                            = 2                                         {product} {ergonomic}
     uint G1ConcRefinementThreads                  = 8                                         {product} {ergonomic}
   size_t G1HeapRegionSize                         = 1048576                                   {product} {ergonomic}
    uintx GCDrainStackTargetSize                   = 64                                        {product} {ergonomic}
   size_t InitialHeapSize                          = 100663296                                 {product} {ergonomic}
   size_t MarkStackSize                            = 4194304                                   {product} {ergonomic}
   size_t MaxHeapSize                              = 1581252608                                {product} {ergonomic}
   size_t MinHeapDeltaBytes                        = 1048576                                   {product} {ergonomic}
   size_t MinHeapSize                              = 8388608                                   {product} {ergonomic}
    uintx NonNMethodCodeHeapSize                   = 5839372                                {pd product} {ergonomic}
    uintx NonProfiledCodeHeapSize                  = 122909434                              {pd product} {ergonomic}
    uintx ProfiledCodeHeapSize                     = 122909434                              {pd product} {ergonomic}
    uintx ReservedCodeCacheSize                    = 251658240                              {pd product} {ergonomic}
     bool SegmentedCodeCache                       = true                                      {product} {ergonomic}
     bool ShowCodeDetailsInExceptionMessages       = true                                   {manageable} {command line}
   size_t SoftMaxHeapSize                          = 1581252608                             {manageable} {ergonomic}
     bool UseCompressedClassPointers               = true                                 {lp64_product} {ergonomic}
     bool UseCompressedOops                        = true                                 {lp64_product} {ergonomic}
     bool UseG1GC                                  = true                                      {product} {ergonomic}
     bool UseLargePagesIndividualAllocation        = false                                  {pd product} {ergonomic}

Logging:
Log output configuration:
 #0: stdout all=warning uptime,level,tags
 #1: stderr all=off uptime,level,tags

Environment Variables:
PATH=C:\Program Files\Common Files\Oracle\Java\javapath;C:\Windows\system32;C:\Windows;C:\Windows\System32\Wbem;C:\Windows\System32\WindowsPowerShell\v1.0\;C:\Windows\System32\OpenSSH\;C:\Program Files\dotnet\;C:\Program Files\Git\cmd;C:\Users\Bat Spider\AppData\Local\Microsoft\WindowsApps;C:\Users\Bat Spider\.dotnet\tools
USERNAME=Bat Spider
OS=Windows_NT
PROCESSOR_IDENTIFIER=AMD64 Family 23 Model 24 Stepping 1, AuthenticAMD



---------------  S Y S T E M  ---------------

OS:
 Windows 10 , 64 bit Build 19041 (10.0.19041.928)
OS uptime: 16 days 1:02 hours

CPU: total 8 (initial active 8) (8 cores per cpu, 2 threads per core) family 23 model 24 stepping 1 microcode 0x0, cmov, cx8, fxsr, mmx, sse, sse2, sse3, ssse3, sse4.1, sse4.2, popcnt, vzeroupper, avx, avx2, aes, clmul, 3dnowpref, lzcnt, sse4a, ht, tsc, tscinvbit, tscinv, bmi1, bmi2, adx, sha, fma, clflush, clflushopt

Memory: 4k page, system-wide physical 6030M (873M free)
TotalPageFile size 10036M (AvailPageFile size 23M)
current process WorkingSet (physical memory assigned to process): 10M, peak: 10M
current process commit charge ("private bytes"): 60M, peak: 156M

vm_info: Java HotSpot(TM) 64-Bit Server VM (15.0.2+7-27) for windows-amd64 JRE (15.0.2+7-27), built on Dec  7 2020 20:07:01 by "mach5one" with unknown MS VC++:1925

END.
